<?xml version="1.0" encoding="UTF-8"?>
<!-- Generated by org.testng.reporters.JUnitReportReporter -->
<testsuite hostname="JHANSI-PC" name="RestAssuredGet.GetTest" tests="1" failures="0" timestamp="13 May 2019 14:10:36 GMT" time="2.237" errors="0">
  <testcase name="getTestDemo" time="2.237" classname="RestAssuredGet.GetTest"/>
</testsuite> <!-- RestAssuredGet.GetTest -->
