<?xml version="1.0" encoding="UTF-8"?>
<!-- Generated by org.testng.reporters.JUnitReportReporter -->
<testsuite hostname="JHANSI-PC" name="HTTPRequest.getRequestTest" tests="1" failures="0" timestamp="13 May 2019 13:13:30 GMT" time="2.249" errors="0">
  <testcase name="getReq" time="2.249" classname="HTTPRequest.getRequestTest"/>
</testsuite> <!-- HTTPRequest.getRequestTest -->
